<?xml version="1.0" encoding="UTF-8"?>
<!-- Generated by org.testng.reporters.JUnitReportReporter -->
<testsuite skipped="0" hostname="DESKTOP-8N8BD9R" name="libraryAPI.DynamicJSON_file" tests="1" failures="0" timestamp="2020-07-07T18:32:17 IST" time="1.509" errors="0">
  <testcase name="add_book" time="1.509" classname="libraryAPI.DynamicJSON_file"/>
  <system-out/>
</testsuite> <!-- libraryAPI.DynamicJSON_file -->
