<?xml version="1.0" encoding="UTF-8"?>
<!-- Generated by org.testng.reporters.JUnitReportReporter -->
<testsuite skipped="0" hostname="DESKTOP-8N8BD9R" name="libraryAPI.DynamicJSON_dataprovider" tests="3" failures="0" timestamp="2020-07-07T18:12:46 IST" time="1.852" errors="0">
  <testcase name="add_book" time="0.187" classname="libraryAPI.DynamicJSON_dataprovider"/>
  <system-out/>
  <testcase name="add_book" time="1.486" classname="libraryAPI.DynamicJSON_dataprovider"/>
  <system-out/>
  <testcase name="add_book" time="0.179" classname="libraryAPI.DynamicJSON_dataprovider"/>
  <system-out/>
</testsuite> <!-- libraryAPI.DynamicJSON_dataprovider -->
