<?xml version="1.0" encoding="UTF-8"?>
<!-- Generated by org.testng.reporters.JUnitReportReporter -->
<testsuite skipped="0" hostname="DESKTOP-8N8BD9R" name="jira.Jira" tests="1" failures="0" timestamp="2020-07-07T21:26:38 IST" time="2.180" errors="0">
  <testcase name="test" time="2.180" classname="jira.Jira"/>
  <system-out/>
</testsuite> <!-- jira.Jira -->
