<?xml version="1.0" encoding="UTF-8"?>
<!-- Generated by org.testng.reporters.JUnitReportReporter -->
<testsuite skipped="0" hostname="DESKTOP-8N8BD9R" name="chaining.AddPlace" tests="1" failures="0" timestamp="2020-06-18T17:14:02 IST" time="1.381" errors="0">
  <testcase name="add_place" time="1.381" classname="chaining.AddPlace"/>
  <system-out/>
</testsuite> <!-- chaining.AddPlace -->
