<?xml version="1.0" encoding="UTF-8"?>
<!-- Generated by org.testng.reporters.JUnitReportReporter -->
<testsuite skipped="0" hostname="DESKTOP-8N8BD9R" name="libraryAPI.DynamicJSON" tests="1" failures="0" timestamp="2020-07-05T09:58:30 IST" time="1.485" errors="0">
  <testcase name="add_book" time="1.485" classname="libraryAPI.DynamicJSON"/>
  <system-out/>
</testsuite> <!-- libraryAPI.DynamicJSON -->
