<?xml version="1.0" encoding="UTF-8"?>
<!-- Generated by org.testng.reporters.JUnitReportReporter -->
<testsuite skipped="0" hostname="DESKTOP-8N8BD9R" name="chaining.EditPlace" tests="1" failures="0" timestamp="2020-06-18T17:18:13 IST" time="1.261" errors="0">
  <testcase name="edit_place" time="1.261" classname="chaining.EditPlace"/>
  <system-out/>
</testsuite> <!-- chaining.EditPlace -->
